Using pre-set license
Built from '2022.3/staging' branch; Version is '2022.3.10f1 (ff3792e53c62) revision 16725906'; Using compiler version '192829333'; Build Type 'Release'
OS: 'Windows 11  (10.0.22621) 64bit Core' Language: 'en' Physical Memory: 15789 MB
BatchMode: 1, IsHumanControllingUs: 0, StartBugReporterOnCrash: 0, Is64bit: 1, IsPro: 1

COMMAND LINE ARGUMENTS:
C:\Program Files\Unity 2022.3.10f1\Editor\Unity.exe
-adb2
-batchMode
-noUpm
-name
AssetImportWorker0
-projectPath
C:/Users/mathe/Documents/Unity/Movement&Animation
-logFile
Logs/AssetImportWorker0.log
-srvPort
63469
Successfully changed project path to: C:/Users/mathe/Documents/Unity/Movement&Animation
C:/Users/mathe/Documents/Unity/Movement&Animation
[UnityMemory] Configuration Parameters - Can be set up in boot.config
    "memorysetup-bucket-allocator-granularity=16"
    "memorysetup-bucket-allocator-bucket-count=8"
    "memorysetup-bucket-allocator-block-size=33554432"
    "memorysetup-bucket-allocator-block-count=8"
    "memorysetup-main-allocator-block-size=16777216"
    "memorysetup-thread-allocator-block-size=16777216"
    "memorysetup-gfx-main-allocator-block-size=16777216"
    "memorysetup-gfx-thread-allocator-block-size=16777216"
    "memorysetup-cache-allocator-block-size=4194304"
    "memorysetup-typetree-allocator-block-size=2097152"
    "memorysetup-profiler-bucket-allocator-granularity=16"
    "memorysetup-profiler-bucket-allocator-bucket-count=8"
    "memorysetup-profiler-bucket-allocator-block-size=33554432"
    "memorysetup-profiler-bucket-allocator-block-count=8"
    "memorysetup-profiler-allocator-block-size=16777216"
    "memorysetup-profiler-editor-allocator-block-size=1048576"
    "memorysetup-temp-allocator-size-main=16777216"
    "memorysetup-job-temp-allocator-block-size=2097152"
    "memorysetup-job-temp-allocator-block-size-background=1048576"
    "memorysetup-job-temp-allocator-reduction-small-platforms=262144"
    "memorysetup-allocator-temp-initial-block-size-main=262144"
    "memorysetup-allocator-temp-initial-block-size-worker=262144"
    "memorysetup-temp-allocator-size-background-worker=32768"
    "memorysetup-temp-allocator-size-job-worker=262144"
    "memorysetup-temp-allocator-size-preload-manager=33554432"
    "memorysetup-temp-allocator-size-nav-mesh-worker=65536"
    "memorysetup-temp-allocator-size-audio-worker=65536"
    "memorysetup-temp-allocator-size-cloud-worker=32768"
    "memorysetup-temp-allocator-size-gi-baking-worker=262144"
    "memorysetup-temp-allocator-size-gfx=262144"
Player connection [25260] Host "[IP] 192.168.100.244 [Port] 0 [Flags] 2 [Guid] 383186562 [EditorId] 383186562 [Version] 1048832 [Id] WindowsEditor(7,Matheo) [Debug] 1 [PackageName] WindowsEditor [ProjectName] Editor" joined multi-casting on [225.0.0.222:54997]...

Player connection [25260] Host "[IP] 192.168.100.244 [Port] 0 [Flags] 2 [Guid] 383186562 [EditorId] 383186562 [Version] 1048832 [Id] WindowsEditor(7,Matheo) [Debug] 1 [PackageName] WindowsEditor [ProjectName] Editor" joined alternative multi-casting on [225.0.0.222:34997]...

[Physics::Module] Initialized MultithreadedJobDispatcher with 15 workers.
Refreshing native plugins compatible for Editor in 24.84 ms, found 3 plugins.
Preloading 0 native plugins for Editor in 0.00 ms.
Initialize engine version: 2022.3.10f1 (ff3792e53c62)
[Subsystems] Discovering subsystems at path C:/Program Files/Unity 2022.3.10f1/Editor/Data/Resources/UnitySubsystems
[Subsystems] Discovering subsystems at path C:/Users/mathe/Documents/Unity/Movement&Animation/Assets
GfxDevice: creating device client; threaded=0; jobified=0
Direct3D:
    Version:  Direct3D 11.0 [level 11.1]
    Renderer: NVIDIA GeForce RTX 2060 (ID=0x1f15)
    Vendor:   NVIDIA
    VRAM:     5968 MB
    Driver:   31.0.15.3699
Initialize mono
Mono path[0] = 'C:/Program Files/Unity 2022.3.10f1/Editor/Data/Managed'
Mono path[1] = 'C:/Program Files/Unity 2022.3.10f1/Editor/Data/MonoBleedingEdge/lib/mono/unityjit-win32'
Mono config path = 'C:/Program Files/Unity 2022.3.10f1/Editor/Data/MonoBleedingEdge/etc'
Using monoOptions --debugger-agent=transport=dt_socket,embedding=1,server=y,suspend=n,address=127.0.0.1:56060
Begin MonoManager ReloadAssembly
Registering precompiled unity dll's ...
Register platform support module: C:/Program Files/Unity 2022.3.10f1/Editor/Data/PlaybackEngines/WindowsStandaloneSupport/UnityEditor.WindowsStandalone.Extensions.dll
Registered in 0.007955 seconds.
- Loaded All Assemblies, in  0.691 seconds
Native extension for WindowsStandalone target not found
Mono: successfully reloaded assembly
- Finished resetting the current domain, in  0.319 seconds
Domain Reload Profiling: 1007ms
	BeginReloadAssembly (378ms)
		ExecutionOrderSort (0ms)
		DisableScriptedObjects (0ms)
		BackupInstance (0ms)
		ReleaseScriptingObjects (0ms)
		CreateAndSetChildDomain (3ms)
	RebuildCommonClasses (43ms)
	RebuildNativeTypeToScriptingClass (11ms)
	initialDomainReloadingComplete (75ms)
	LoadAllAssembliesAndSetupDomain (181ms)
		LoadAssemblies (371ms)
		RebuildTransferFunctionScriptingTraits (0ms)
		AnalyzeDomain (178ms)
			TypeCache.Refresh (176ms)
				TypeCache.ScanAssembly (157ms)
			ScanForSourceGeneratedMonoScriptInfo (0ms)
			ResolveRequiredComponents (1ms)
	FinalizeReload (319ms)
		ReleaseScriptCaches (0ms)
		RebuildScriptCaches (0ms)
		SetupLoadedEditorAssemblies (247ms)
			LogAssemblyErrors (0ms)
			InitializePlatformSupportModulesInManaged (11ms)
			SetLoadedEditorAssemblies (11ms)
			RefreshPlugins (0ms)
			BeforeProcessingInitializeOnLoad (2ms)
			ProcessInitializeOnLoadAttributes (167ms)
			ProcessInitializeOnLoadMethodAttributes (56ms)
			AfterProcessingInitializeOnLoad (0ms)
			EditorAssembliesLoaded (0ms)
		ExecutionOrderSort2 (0ms)
		AwakeInstancesAfterBackupRestoration (0ms)
========================================================================
Worker process is ready to serve import requests
Begin MonoManager ReloadAssembly
- Loaded All Assemblies, in  0.946 seconds
Refreshing native plugins compatible for Editor in 5.57 ms, found 3 plugins.
Native extension for WindowsStandalone target not found
Package Manager log level set to [2]
[Package Manager] Server::EnsureServerProcessIsRunning -- launch failed, reason: Unity was launched with the -noUpm command-line argument
[Package Manager] UpmClient::Send -- Unable to send message (not connected to UPM process).
[Package Manager] Cannot connect to Unity Package Manager local server
Mono: successfully reloaded assembly
- Finished resetting the current domain, in  0.656 seconds
Domain Reload Profiling: 1598ms
	BeginReloadAssembly (193ms)
		ExecutionOrderSort (0ms)
		DisableScriptedObjects (6ms)
		BackupInstance (0ms)
		ReleaseScriptingObjects (0ms)
		CreateAndSetChildDomain (34ms)
	RebuildCommonClasses (40ms)
	RebuildNativeTypeToScriptingClass (12ms)
	initialDomainReloadingComplete (52ms)
	LoadAllAssembliesAndSetupDomain (644ms)
		LoadAssemblies (540ms)
		RebuildTransferFunctionScriptingTraits (0ms)
		AnalyzeDomain (215ms)
			TypeCache.Refresh (190ms)
				TypeCache.ScanAssembly (169ms)
			ScanForSourceGeneratedMonoScriptInfo (19ms)
			ResolveRequiredComponents (4ms)
	FinalizeReload (657ms)
		ReleaseScriptCaches (0ms)
		RebuildScriptCaches (0ms)
		SetupLoadedEditorAssemblies (475ms)
			LogAssemblyErrors (0ms)
			InitializePlatformSupportModulesInManaged (6ms)
			SetLoadedEditorAssemblies (6ms)
			RefreshPlugins (0ms)
			BeforeProcessingInitializeOnLoad (73ms)
			ProcessInitializeOnLoadAttributes (356ms)
			ProcessInitializeOnLoadMethodAttributes (24ms)
			AfterProcessingInitializeOnLoad (8ms)
			EditorAssembliesLoaded (0ms)
		ExecutionOrderSort2 (0ms)
		AwakeInstancesAfterBackupRestoration (7ms)
Launched and connected shader compiler UnityShaderCompiler.exe after 0.08 seconds
Refreshing native plugins compatible for Editor in 3.73 ms, found 3 plugins.
Preloading 0 native plugins for Editor in 0.00 ms.
Unloading 3088 Unused Serialized files (Serialized files now loaded: 0)
Unloading 31 unused Assets / (56.3 KB). Loaded Objects now: 3551.
Memory consumption went from 123.7 MB to 123.6 MB.
Total: 5.267900 ms (FindLiveObjects: 0.418600 ms CreateObjectMapping: 0.153800 ms MarkObjects: 4.471800 ms  DeleteObjects: 0.221000 ms)

AssetImportParameters requested are different than current active one (requested -> active):
  custom:container-demuxer-ogg: 62fdf1f143b41e24485cea50d1cbac27 -> 
  custom:video-codec-MediaFoundation-h265: 746d11721c4dcdbdad8f713fa42b33f4 -> 
  custom:video-decoder-ogg-theora: a1e56fd34408186e4bbccfd4996cb3dc -> 
  custom:framework-win-MediaFoundation: 216162199b28c13a410421893ffa2e32 -> 
  custom:CustomObjectIndexerAttribute: 756ad292c208cfabdd7b50bc23989ffe -> 
  custom:container-demuxer-webm: 4f35f7cbe854078d1ac9338744f61a02 -> 
  custom:container-muxer-webm: aa71ff27fc2769a1b78a27578f13a17b -> 
  custom:video-decoder-webm-vp8: 9c59270c3fd7afecdb556c50c9e8de78 -> 
  custom:SearchIndexIgnoredProperties: e643bd26f0fe6173181afceb89e7c659 -> 
  custom:AudioImporter_EditorPlatform: d09bf68614088b80899f8185d706f6e7 -> 
  custom:video-encoder-webm-vp8: eb34c28f22e8b96e1ab97ce403110664 -> 
  custom:audio-decoder-ogg-vorbis: bf7c407c2cedff20999df2af8eb42d56 -> 
  custom:audio-encoder-webm-vorbis: bf7c407c2cedff20999df2af8eb42d56 -> 
========================================================================
Received Import Request.
  Time since last request: 40223.156127 seconds.
  path: Assets/HighQualityBricks&Walls/Images/brick-807728/brick-807728_normal.png
  artifactKey: Guid(a2265e5c21ada234eba9f2a74ff5c47f) Importer(815301076,1909f56bfc062723c751e8b465ee728b)
Start importing Assets/HighQualityBricks&Walls/Images/brick-807728/brick-807728_normal.png using Guid(a2265e5c21ada234eba9f2a74ff5c47f) Importer(815301076,1909f56bfc062723c751e8b465ee728b)  -> (artifact id: 'd6e30040e5ab25d3ceafdb6a6c61272b') in 0.133245 seconds
Number of updated asset objects reloaded before import = 0
Number of asset objects unloaded after import = 2
========================================================================
Received Import Request.
  Time since last request: 0.000040 seconds.
  path: Assets/HighQualityBricks&Walls
  artifactKey: Guid(ff866e48c7ef2bd499f628697710e635) Importer(815301076,1909f56bfc062723c751e8b465ee728b)
Start importing Assets/HighQualityBricks&Walls using Guid(ff866e48c7ef2bd499f628697710e635) Importer(815301076,1909f56bfc062723c751e8b465ee728b)  -> (artifact id: '8029b8820dd580e09a945182a9187b59') in 0.001122 seconds
Number of updated asset objects reloaded before import = 0
Number of asset objects unloaded after import = 0
========================================================================
Received Import Request.
  Time since last request: 0.000893 seconds.
  path: Assets/HighQualityBricks&Walls/Images/brick-807728
  artifactKey: Guid(753072dd820224245a7ed954c83546b9) Importer(815301076,1909f56bfc062723c751e8b465ee728b)
Start importing Assets/HighQualityBricks&Walls/Images/brick-807728 using Guid(753072dd820224245a7ed954c83546b9) Importer(815301076,1909f56bfc062723c751e8b465ee728b)  -> (artifact id: '5e518e4c43c051d4499079f73136a3c6') in 0.000900 seconds
Number of updated asset objects reloaded before import = 0
Number of asset objects unloaded after import = 0
========================================================================
Received Import Request.
  Time since last request: 0.000596 seconds.
  path: Assets/HighQualityBricks&Walls/Images/brick-807728/brick-807728.png
  artifactKey: Guid(96bb926b90b82744693ee966a9a1b5a7) Importer(815301076,1909f56bfc062723c751e8b465ee728b)
Start importing Assets/HighQualityBricks&Walls/Images/brick-807728/brick-807728.png using Guid(96bb926b90b82744693ee966a9a1b5a7) Importer(815301076,1909f56bfc062723c751e8b465ee728b)  -> (artifact id: 'b8687fe53d5a217b4b702aa564959f14') in 0.015498 seconds
Number of updated asset objects reloaded before import = 0
Number of asset objects unloaded after import = 2
========================================================================
Received Import Request.
  Time since last request: 0.000558 seconds.
  path: Assets/HighQualityBricks&Walls/Images
  artifactKey: Guid(4ac17a61accf297449e25a69a688de56) Importer(815301076,1909f56bfc062723c751e8b465ee728b)
Start importing Assets/HighQualityBricks&Walls/Images using Guid(4ac17a61accf297449e25a69a688de56) Importer(815301076,1909f56bfc062723c751e8b465ee728b)  -> (artifact id: '64a9e3a1e480d2cec18c8c346566be9f') in 0.000954 seconds
Number of updated asset objects reloaded before import = 0
Number of asset objects unloaded after import = 0
========================================================================
Received Import Request.
  Time since last request: 11.251842 seconds.
  path: Assets/HighQualityBricks&Walls/Images/brick-957823/brick-957823_normal.png
  artifactKey: Guid(bc5c58ffefebace418a2a63ba7fc82c8) Importer(815301076,1909f56bfc062723c751e8b465ee728b)
Start importing Assets/HighQualityBricks&Walls/Images/brick-957823/brick-957823_normal.png using Guid(bc5c58ffefebace418a2a63ba7fc82c8) Importer(815301076,1909f56bfc062723c751e8b465ee728b)  -> (artifact id: 'ab6d6c1a7489db4073ce165e111fbc9a') in 0.021709 seconds
Number of updated asset objects reloaded before import = 0
Number of asset objects unloaded after import = 2
========================================================================
Received Import Request.
  Time since last request: 7.230558 seconds.
  path: Assets/HighQualityBricks&Walls/Images/brick-957823/Materials/brick-957823_specular.mat
  artifactKey: Guid(54a6f4ca3c3b89044bc8c14dc667e678) Importer(815301076,1909f56bfc062723c751e8b465ee728b)
Start importing Assets/HighQualityBricks&Walls/Images/brick-957823/Materials/brick-957823_specular.mat using Guid(54a6f4ca3c3b89044bc8c14dc667e678) Importer(815301076,1909f56bfc062723c751e8b465ee728b)  -> (artifact id: '62d2da46e55ee6e9e9cbabfa3bd51539') in 0.074338 seconds
Number of updated asset objects reloaded before import = 0
Number of asset objects unloaded after import = 2
========================================================================
Received Import Request.
  Time since last request: 6.471811 seconds.
  path: Assets/HighQualityBricks&Walls/Images/brick-957827/brick-957827_normal.png
  artifactKey: Guid(5196092d8a261af45a31acae191aa3ab) Importer(815301076,1909f56bfc062723c751e8b465ee728b)
Start importing Assets/HighQualityBricks&Walls/Images/brick-957827/brick-957827_normal.png using Guid(5196092d8a261af45a31acae191aa3ab) Importer(815301076,1909f56bfc062723c751e8b465ee728b)  -> (artifact id: '4d555f60407b8f4b88a87fdd65c3b21b') in 0.027316 seconds
Number of updated asset objects reloaded before import = 0
Number of asset objects unloaded after import = 2
========================================================================
Received Import Request.
  Time since last request: 2.200120 seconds.
  path: Assets/HighQualityBricks&Walls/Images/bricks-868344/bricks-868344_normal.png
  artifactKey: Guid(09ebd21bab5296847877d5b8a32e8d05) Importer(815301076,1909f56bfc062723c751e8b465ee728b)
Start importing Assets/HighQualityBricks&Walls/Images/bricks-868344/bricks-868344_normal.png using Guid(09ebd21bab5296847877d5b8a32e8d05) Importer(815301076,1909f56bfc062723c751e8b465ee728b)  -> (artifact id: 'a90e879876bf0bf850861f1ddbfb96c5') in 0.023740 seconds
Number of updated asset objects reloaded before import = 0
Number of asset objects unloaded after import = 2
========================================================================
Received Import Request.
  Time since last request: 6.830894 seconds.
  path: Assets/HighQualityBricks&Walls/Images/patch-924648/patch-924648_normal.png
  artifactKey: Guid(e2038a0801477d74e83c29a9295d15b3) Importer(815301076,1909f56bfc062723c751e8b465ee728b)
Start importing Assets/HighQualityBricks&Walls/Images/patch-924648/patch-924648_normal.png using Guid(e2038a0801477d74e83c29a9295d15b3) Importer(815301076,1909f56bfc062723c751e8b465ee728b)  -> (artifact id: 'b668f6e186b56ee7e6d64573dc3ec194') in 0.032481 seconds
Number of updated asset objects reloaded before import = 0
Number of asset objects unloaded after import = 2
Editor requested this worker to shutdown with reason: Scaling down because of idle timeout
TcpMessagingSession - receive error: operation aborted. errorcode: 995, details: The I/O operation has been aborted because of either a thread exit or an application request.
AssetImportWorker is now disconnected from the server
Process exiting
Exiting without the bug reporter. Application will terminate with return code 0